<?xml version="1.0" encoding="UTF-8"?>
<testng-results skipped="0" failed="0" ignored="0" total="1" passed="1">
  <reporter-output>
    <line>
      <![CDATA[hii i m run method frm newtest class]]>
    </line>
  </reporter-output>
  <suite name="Default suite" duration-ms="36" started-at="2021-01-15T12:08:34 IST" finished-at="2021-01-15T12:08:34 IST">
    <groups>
    </groups>
    <test name="Default test" duration-ms="36" started-at="2021-01-15T12:08:34 IST" finished-at="2021-01-15T12:08:34 IST">
      <class name="testng.NewTest">
        <test-method status="PASS" signature="run()[pri:0, instance:testng.NewTest@3b0143d3]" name="run" duration-ms="7" started-at="2021-01-15T12:08:34 IST" finished-at="2021-01-15T12:08:34 IST">
          <reporter-output>
            <line>
              <![CDATA[hii i m run method frm newtest class]]>
            </line>
          </reporter-output>
        </test-method> <!-- run -->
      </class> <!-- testng.NewTest -->
    </test> <!-- Default test -->
  </suite> <!-- Default suite -->
</testng-results>
